{
  "stats": {
    "suites": 1,
    "tests": 2,
    "passes": 2,
    "pending": 0,
    "failures": 0,
    "start": "2020-08-28T12:45:59.376Z",
    "end": "2020-08-28T12:46:29.877Z",
    "duration": 30501,
    "testsRegistered": 2,
    "passPercent": 100,
    "pendingPercent": 0,
    "other": 0,
    "hasOther": false,
    "skipped": 0,
    "hasSkipped": false
  },
  "results": [
    {
      "uuid": "80f5e188-699a-40ce-93e8-5b10f1ba3648",
      "title": "",
      "fullFile": "cypress\\integration\\listagem.spec.js",
      "file": "cypress\\integration\\listagem.spec.js",
      "beforeHooks": [],
      "afterHooks": [],
      "tests": [],
      "suites": [
        {
          "uuid": "0482aa4e-2f44-4554-a4a8-c28417db1df0",
          "title": "Listagem",
          "fullFile": "",
          "file": "",
          "beforeHooks": [],
          "afterHooks": [],
          "tests": [
            {
              "title": "Listagem sem registros",
              "fullTitle": "Listagem Listagem sem registros",
              "timedOut": null,
              "duration": 22253,
              "state": "passed",
              "speed": "slow",
              "pass": true,
              "fail": false,
              "pending": false,
              "context": null,
              "code": "cy.server();\ncy.route({\n  method: 'GET',\n  url: '**/api/1/databases/userdetails/collections/newtable?**',\n  status: '200',\n  response: 'fx:getTableVazio'\n}).as('getNewTable');\ncy.visit('WebTable.html');\ncy.get('div[role=row]').should('have.length', 1);",
              "err": {},
              "uuid": "acf50078-7b15-424c-a75e-84b517acc129",
              "parentUUID": "0482aa4e-2f44-4554-a4a8-c28417db1df0",
              "isHook": false,
              "skipped": false
            },
            {
              "title": "Listagem com apenas um registro",
              "fullTitle": "Listagem Listagem com apenas um registro",
              "timedOut": null,
              "duration": 7755,
              "state": "passed",
              "speed": "slow",
              "pass": true,
              "fail": false,
              "pending": false,
              "context": null,
              "code": "cy.server();\ncy.route({\n  method: 'GET',\n  url: '/api/1/databases/userdetails/collections/newtable?**',\n  status: 200,\n  response: 'fx:getTableUnico'\n});\ncy.visit('WebTable.html');\ncy.get('div[role=row] div[role=gridcell]').eq(4).find('div').as('gridCellPhone');\ncy.get('@gridCellPhone').should('contain.text', '1234567833');",
              "err": {},
              "uuid": "22190634-d7a8-4d83-9872-766a72905175",
              "parentUUID": "0482aa4e-2f44-4554-a4a8-c28417db1df0",
              "isHook": false,
              "skipped": false
            }
          ],
          "suites": [],
          "passes": [
            "acf50078-7b15-424c-a75e-84b517acc129",
            "22190634-d7a8-4d83-9872-766a72905175"
          ],
          "failures": [],
          "pending": [],
          "skipped": [],
          "duration": 30008,
          "root": false,
          "rootEmpty": false,
          "_timeout": 2000
        }
      ],
      "passes": [],
      "failures": [],
      "pending": [],
      "skipped": [],
      "duration": 0,
      "root": true,
      "rootEmpty": true,
      "_timeout": 2000
    }
  ],
  "meta": {
    "mocha": {
      "version": "7.0.1"
    },
    "mochawesome": {
      "options": {
        "quiet": true,
        "reportFilename": "mochawesome",
        "saveHtml": false,
        "saveJson": true,
        "consoleReporter": "spec",
        "useInlineDiffs": false,
        "code": true
      },
      "version": "6.1.1"
    },
    "marge": {
      "options": {
        "id": "default",
        "reportDir": "mochawesome-report",
        "quiet": true,
        "overwrite": false,
        "html": false,
        "json": true
      },
      "version": "5.1.0"
    }
  }
}